I: Association Received
I: Association Received
I: Association Acknowledged (Max Send PDV: 64988)
I: Received Store Request (MsgID 11, DXm)
I: created new subdirectory for study: C:\IMAGES\DCM_1.2.840.113845.11.1000000002170592405.20241106143140.1012642
I: storing DICOM file: C:\IMAGES\DCM_1.2.840.113845.11.1000000002170592405.20241106143140.1012642\DXm.1.2.392.200036.9125.4.0.354882250.218169444.1198187835
I: Received Store Request (MsgID 13, DXm)
I: storing DICOM file: C:\IMAGES\DCM_1.2.840.113845.11.1000000002170592405.20241106143140.1012642\DXm.1.2.392.200036.9125.4.0.354882250.318832740.1198187835
I: Received Store Request (MsgID 15, DXm)
I: storing DICOM file: C:\IMAGES\DCM_1.2.840.113845.11.1000000002170592405.20241106143140.1012642\DXm.1.2.392.200036.9125.4.0.354882250.520159332.1198187835
I: Received Store Request (MsgID 17, DXm)
I: storing DICOM file: C:\IMAGES\DCM_1.2.840.113845.11.1000000002170592405.20241106143140.1012642\DXm.1.2.392.200036.9125.4.0.354923212.721485924.1198187835
I: Received Store Request (MsgID 19, SRt)
I: storing DICOM file: C:\IMAGES\DCM_1.2.840.113845.11.1000000002170592405.20241106143140.1012642\SRt.1.2.840.113845.11.5000000002170592405.20241106185721.4765175
I: Association Release
I: Association Received
I: Association Received
I: Association Acknowledged (Max Send PDV: 64988)
I: Received Store Request (MsgID 7, DXm)
I: storing DICOM file: C:\IMAGES\DCM_1.2.840.113845.11.1000000002170592405.20241106143140.1012642\DXm.1.2.392.200036.9125.4.0.354882250.218169444.1198187835
I: Received Store Request (MsgID 9, DXm)
I: storing DICOM file: C:\IMAGES\DCM_1.2.840.113845.11.1000000002170592405.20241106143140.1012642\DXm.1.2.392.200036.9125.4.0.354882250.318832740.1198187835
I: Received Store Request (MsgID 11, DXm)
I: storing DICOM file: C:\IMAGES\DCM_1.2.840.113845.11.1000000002170592405.20241106143140.1012642\DXm.1.2.392.200036.9125.4.0.354882250.520159332.1198187835
I: Received Store Request (MsgID 13, DXm)
I: storing DICOM file: C:\IMAGES\DCM_1.2.840.113845.11.1000000002170592405.20241106143140.1012642\DXm.1.2.392.200036.9125.4.0.354923212.721485924.1198187835
I: Received Store Request (MsgID 15, SRt)
I: storing DICOM file: C:\IMAGES\DCM_1.2.840.113845.11.1000000002170592405.20241106143140.1012642\SRt.1.2.840.113845.11.5000000002170592405.20241106185721.4765175
I: Association Release
I: Association Received
I: Association Received
I: Association Acknowledged (Max Send PDV: 64988)
I: Received Store Request (MsgID 1, DXm)
I: storing DICOM file: C:\IMAGES\DCM_1.2.840.113845.11.1000000002170592405.20241106143140.1012642\DXm.1.2.392.200036.9125.4.0.354882250.218169444.1198187835
W: DICOM file already exists, overwriting: C:\IMAGES\DCM_1.2.840.113845.11.1000000002170592405.20241106143140.1012642\DXm.1.2.392.200036.9125.4.0.354882250.218169444.1198187835
I: Received Store Request (MsgID 3, DXm)
I: storing DICOM file: C:\IMAGES\DCM_1.2.840.113845.11.1000000002170592405.20241106143140.1012642\DXm.1.2.392.200036.9125.4.0.354882250.318832740.1198187835
W: DICOM file already exists, overwriting: C:\IMAGES\DCM_1.2.840.113845.11.1000000002170592405.20241106143140.1012642\DXm.1.2.392.200036.9125.4.0.354882250.318832740.1198187835
I: Received Store Request (MsgID 5, DXm)
I: storing DICOM file: C:\IMAGES\DCM_1.2.840.113845.11.1000000002170592405.20241106143140.1012642\DXm.1.2.392.200036.9125.4.0.354882250.520159332.1198187835
W: DICOM file already exists, overwriting: C:\IMAGES\DCM_1.2.840.113845.11.1000000002170592405.20241106143140.1012642\DXm.1.2.392.200036.9125.4.0.354882250.520159332.1198187835
I: Received Store Request (MsgID 7, DXm)
I: storing DICOM file: C:\IMAGES\DCM_1.2.840.113845.11.1000000002170592405.20241106143140.1012642\DXm.1.2.392.200036.9125.4.0.354923212.721485924.1198187835
W: DICOM file already exists, overwriting: C:\IMAGES\DCM_1.2.840.113845.11.1000000002170592405.20241106143140.1012642\DXm.1.2.392.200036.9125.4.0.354923212.721485924.1198187835
I: Received Store Request (MsgID 9, SRt)
I: storing DICOM file: C:\IMAGES\DCM_1.2.840.113845.11.1000000002170592405.20241106143140.1012642\SRt.1.2.840.113845.11.5000000002170592405.20241106185721.4765175
W: DICOM file already exists, overwriting: C:\IMAGES\DCM_1.2.840.113845.11.1000000002170592405.20241106143140.1012642\SRt.1.2.840.113845.11.5000000002170592405.20241106185721.4765175
I: Association Release
I: Association Received
I: Association Received
I: Association Acknowledged (Max Send PDV: 64988)
I: Received Store Request (MsgID 17, DXm)
I: storing DICOM file: C:\IMAGES\DCM_1.2.840.113845.11.1000000002170592405.20241106143140.1012642\DXm.1.2.392.200036.9125.4.0.354882250.218169444.1198187835
I: Received Store Request (MsgID 19, DXm)
I: storing DICOM file: C:\IMAGES\DCM_1.2.840.113845.11.1000000002170592405.20241106143140.1012642\DXm.1.2.392.200036.9125.4.0.354882250.318832740.1198187835
I: Received Store Request (MsgID 21, DXm)
I: storing DICOM file: C:\IMAGES\DCM_1.2.840.113845.11.1000000002170592405.20241106143140.1012642\DXm.1.2.392.200036.9125.4.0.354882250.520159332.1198187835
I: Received Store Request (MsgID 23, DXm)
I: storing DICOM file: C:\IMAGES\DCM_1.2.840.113845.11.1000000002170592405.20241106143140.1012642\DXm.1.2.392.200036.9125.4.0.354923212.721485924.1198187835
I: Received Store Request (MsgID 25, SRt)
I: storing DICOM file: C:\IMAGES\DCM_1.2.840.113845.11.1000000002170592405.20241106143140.1012642\SRt.1.2.840.113845.11.5000000002170592405.20241106185721.4765175
I: Association Release
